<?xml version="1.0" encoding="UTF-8"?>
<robot generator="Robot 6.0.2 (Python 3.11.0 on win32)" generated="20230402 22:41:57.793" rpa="false" schemaversion="3">
<suite id="s1" name="Crm" source="D:\git\python_practice_using_vscode\RobotFramework\crm\tests\crm.robot">
<test id="s1-t1" name="Should be able to add new customer" line="8">
<kw name="Set Selenium Speed" library="SeleniumLibrary">
<arg>.2s</arg>
<doc>Sets the delay that is waited after each Selenium command.</doc>
<status status="PASS" starttime="20230402 22:41:58.203" endtime="20230402 22:41:58.204"/>
</kw>
<kw name="Set Selenium Timeout" library="SeleniumLibrary">
<arg>10s</arg>
<doc>Sets the timeout that is used by various keywords.</doc>
<status status="PASS" starttime="20230402 22:41:58.205" endtime="20230402 22:41:58.205"/>
</kw>
<kw name="Log" library="BuiltIn">
<arg>Starting the test case</arg>
<doc>Logs the given message with the given level.</doc>
<msg timestamp="20230402 22:41:58.206" level="INFO">Starting the test case</msg>
<status status="PASS" starttime="20230402 22:41:58.206" endtime="20230402 22:41:58.206"/>
</kw>
<kw name="Open Browser" library="SeleniumLibrary">
<arg>https://automationplayground.com/crm/</arg>
<arg>chrome</arg>
<doc>Opens a new browser instance to the optional ``url``.</doc>
<msg timestamp="20230402 22:41:58.207" level="INFO">Opening browser 'chrome' to base url 'https://automationplayground.com/crm/'.</msg>
<status status="PASS" starttime="20230402 22:41:58.206" endtime="20230402 22:42:03.543"/>
</kw>
<kw name="Set Window Position" library="SeleniumLibrary">
<arg>x=341</arg>
<arg>y=169</arg>
<doc>Sets window position using ``x`` and ``y`` coordinates.</doc>
<status status="PASS" starttime="20230402 22:42:03.544" endtime="20230402 22:42:03.875"/>
</kw>
<kw name="Set Window Size" library="SeleniumLibrary">
<arg>width=1935</arg>
<arg>height=1090</arg>
<doc>Sets current windows size to given ``width`` and ``height``.</doc>
<status status="PASS" starttime="20230402 22:42:03.877" endtime="20230402 22:42:04.559"/>
</kw>
<kw name="Page Should Contain" library="SeleniumLibrary">
<arg>Customers Are Priority One</arg>
<doc>Verifies that current page contains ``text``.</doc>
<msg timestamp="20230402 22:42:04.998" level="INFO">Current page contains text 'Customers Are Priority One'.</msg>
<status status="PASS" starttime="20230402 22:42:04.560" endtime="20230402 22:42:04.998"/>
</kw>
<kw name="Click Link" library="SeleniumLibrary">
<arg>Sign In</arg>
<doc>Clicks a link identified by ``locator``.</doc>
<msg timestamp="20230402 22:42:05.003" level="INFO">Clicking link 'Sign In'.</msg>
<status status="PASS" starttime="20230402 22:42:05.001" endtime="20230402 22:42:06.141"/>
</kw>
<kw name="Page Should Contain" library="SeleniumLibrary">
<arg>Login</arg>
<doc>Verifies that current page contains ``text``.</doc>
<msg timestamp="20230402 22:42:06.571" level="INFO">Current page contains text 'Login'.</msg>
<status status="PASS" starttime="20230402 22:42:06.142" endtime="20230402 22:42:06.571"/>
</kw>
<kw name="Input Text" library="SeleniumLibrary">
<arg>id=email-id</arg>
<arg>Zebraswtestzsg711@gmail.com</arg>
<doc>Types the given ``text`` into the text field identified by ``locator``.</doc>
<msg timestamp="20230402 22:42:06.573" level="INFO">Typing text 'Zebraswtestzsg711@gmail.com' into text field 'id=email-id'.</msg>
<status status="PASS" starttime="20230402 22:42:06.572" endtime="20230402 22:42:07.427"/>
</kw>
<kw name="Input Text" library="SeleniumLibrary">
<arg>id=password</arg>
<arg>zebratest123</arg>
<doc>Types the given ``text`` into the text field identified by ``locator``.</doc>
<msg timestamp="20230402 22:42:07.429" level="INFO">Typing text 'zebratest123' into text field 'id=password'.</msg>
<status status="PASS" starttime="20230402 22:42:07.428" endtime="20230402 22:42:08.197"/>
</kw>
<kw name="Click Button" library="SeleniumLibrary">
<arg>Submit</arg>
<doc>Clicks the button identified by ``locator``.</doc>
<msg timestamp="20230402 22:42:08.201" level="INFO">Clicking button 'Submit'.</msg>
<status status="PASS" starttime="20230402 22:42:08.200" endtime="20230402 22:42:09.649"/>
</kw>
<kw name="Page Should Contain" library="SeleniumLibrary">
<arg>Our Happy Customers</arg>
<doc>Verifies that current page contains ``text``.</doc>
<msg timestamp="20230402 22:42:10.186" level="INFO">Current page contains text 'Our Happy Customers'.</msg>
<status status="PASS" starttime="20230402 22:42:09.756" endtime="20230402 22:42:10.186"/>
</kw>
<kw name="Click Link" library="SeleniumLibrary">
<arg>id=new-customer</arg>
<doc>Clicks a link identified by ``locator``.</doc>
<msg timestamp="20230402 22:42:10.188" level="INFO">Clicking link 'id=new-customer'.</msg>
<status status="PASS" starttime="20230402 22:42:10.187" endtime="20230402 22:42:11.437"/>
</kw>
<kw name="Page Should Contain" library="SeleniumLibrary">
<arg>Add Customer</arg>
<doc>Verifies that current page contains ``text``.</doc>
<msg timestamp="20230402 22:42:11.873" level="INFO">Current page contains text 'Add Customer'.</msg>
<status status="PASS" starttime="20230402 22:42:11.439" endtime="20230402 22:42:11.873"/>
</kw>
<kw name="Input Text" library="SeleniumLibrary">
<arg>id=EmailAddress</arg>
<arg>zebraswtest12@hotmail.com</arg>
<doc>Types the given ``text`` into the text field identified by ``locator``.</doc>
<msg timestamp="20230402 22:42:11.875" level="INFO">Typing text 'zebraswtest12@hotmail.com' into text field 'id=EmailAddress'.</msg>
<status status="PASS" starttime="20230402 22:42:11.874" endtime="20230402 22:42:12.828"/>
</kw>
<kw name="Input Text" library="SeleniumLibrary">
<arg>id=FirstName</arg>
<arg>Software</arg>
<doc>Types the given ``text`` into the text field identified by ``locator``.</doc>
<msg timestamp="20230402 22:42:12.836" level="INFO">Typing text 'Software' into text field 'id=FirstName'.</msg>
<status status="PASS" starttime="20230402 22:42:12.834" endtime="20230402 22:42:13.646"/>
</kw>
<kw name="Input Text" library="SeleniumLibrary">
<arg>id=LastName</arg>
<arg>Test</arg>
<doc>Types the given ``text`` into the text field identified by ``locator``.</doc>
<msg timestamp="20230402 22:42:13.653" level="INFO">Typing text 'Test' into text field 'id=LastName'.</msg>
<status status="PASS" starttime="20230402 22:42:13.652" endtime="20230402 22:42:14.425"/>
</kw>
<kw name="Input Text" library="SeleniumLibrary">
<arg>id=City</arg>
<arg>Dallas</arg>
<doc>Types the given ``text`` into the text field identified by ``locator``.</doc>
<msg timestamp="20230402 22:42:14.427" level="INFO">Typing text 'Dallas' into text field 'id=City'.</msg>
<status status="PASS" starttime="20230402 22:42:14.425" endtime="20230402 22:42:15.239"/>
</kw>
<kw name="Select From List By Value" library="SeleniumLibrary">
<arg>id=StateOrRegion</arg>
<arg>TX</arg>
<doc>Selects options from selection list ``locator`` by ``values``.</doc>
<msg timestamp="20230402 22:42:15.241" level="INFO">Selecting options from selection list 'id=StateOrRegion' by value TX.</msg>
<status status="PASS" starttime="20230402 22:42:15.240" endtime="20230402 22:42:17.059"/>
</kw>
<kw name="Select Radio Button" library="SeleniumLibrary">
<arg>gender</arg>
<arg>male</arg>
<doc>Sets the radio button group ``group_name`` to ``value``.</doc>
<msg timestamp="20230402 22:42:17.061" level="INFO">Selecting 'male' from radio button 'gender'.</msg>
<status status="PASS" starttime="20230402 22:42:17.060" endtime="20230402 22:42:17.843"/>
</kw>
<kw name="Select Checkbox" library="SeleniumLibrary">
<arg>name=promos-name</arg>
<doc>Selects the checkbox identified by ``locator``.</doc>
<msg timestamp="20230402 22:42:17.845" level="INFO">Selecting checkbox 'name=promos-name'.</msg>
<status status="PASS" starttime="20230402 22:42:17.844" endtime="20230402 22:42:19.634"/>
</kw>
<kw name="Click Button" library="SeleniumLibrary">
<arg>Submit</arg>
<doc>Clicks the button identified by ``locator``.</doc>
<msg timestamp="20230402 22:42:19.636" level="INFO">Clicking button 'Submit'.</msg>
<status status="PASS" starttime="20230402 22:42:19.635" endtime="20230402 22:42:21.127"/>
</kw>
<kw name="Wait Until Page Contains" library="SeleniumLibrary">
<arg>Success! New customer added.</arg>
<doc>Waits until ``text`` appears on the current page.</doc>
<status status="PASS" starttime="20230402 22:42:21.134" endtime="20230402 22:42:21.370"/>
</kw>
<kw name="Sleep" library="BuiltIn">
<arg>5s</arg>
<doc>Pauses the test executed for the given time.</doc>
<msg timestamp="20230402 22:42:26.372" level="INFO">Slept 5 seconds</msg>
<status status="PASS" starttime="20230402 22:42:21.371" endtime="20230402 22:42:26.372"/>
</kw>
<kw name="Close Browser" library="SeleniumLibrary">
<doc>Closes the current browser.</doc>
<status status="PASS" starttime="20230402 22:42:26.376" endtime="20230402 22:42:29.990"/>
</kw>
<doc>This is some basic info about the TEST</doc>
<tag>1006</tag>
<tag>Contacts</tag>
<tag>Smoke</tag>
<status status="PASS" starttime="20230402 22:41:58.199" endtime="20230402 22:42:29.999"/>
</test>
<doc>This is some basic info about the whole suite</doc>
<status status="PASS" starttime="20230402 22:41:57.796" endtime="20230402 22:42:30.014"/>
</suite>
<statistics>
<total>
<stat pass="1" fail="0" skip="0">All Tests</stat>
</total>
<tag>
<stat pass="1" fail="0" skip="0">1006</stat>
<stat pass="1" fail="0" skip="0">Contacts</stat>
<stat pass="1" fail="0" skip="0">Smoke</stat>
</tag>
<suite>
<stat pass="1" fail="0" skip="0" id="s1" name="Crm">Crm</stat>
</suite>
</statistics>
<errors>
</errors>
</robot>
