<?xml version="1.0" encoding="UTF-8"?>
<robot generator="Robot 6.0.2 (Python 3.11.0 on win32)" generated="20230402 20:55:09.490" rpa="false" schemaversion="3">
<suite id="s1" name="Crm" source="D:\git\python_practice_using_vscode\RobotFramework\crm\Tests\crm.robot">
<test id="s1-t1" name="Should be able to add new customer" line="8">
<kw name="Log" library="BuiltIn">
<arg>Starting the test case</arg>
<doc>Logs the given message with the given level.</doc>
<msg timestamp="20230402 20:55:13.096" level="INFO">Starting the test case</msg>
<status status="PASS" starttime="20230402 20:55:13.094" endtime="20230402 20:55:13.096"/>
</kw>
<kw name="Open Browser" library="SeleniumLibrary">
<arg>https://automationplayground.com/crm/</arg>
<arg>chrome</arg>
<doc>Opens a new browser instance to the optional ``url``.</doc>
<msg timestamp="20230402 20:55:13.102" level="INFO">Opening browser 'chrome' to base url 'https://automationplayground.com/crm/'.</msg>
<status status="PASS" starttime="20230402 20:55:13.100" endtime="20230402 20:55:21.402"/>
</kw>
<kw name="Sleep" library="BuiltIn">
<arg>5s</arg>
<doc>Pauses the test executed for the given time.</doc>
<msg timestamp="20230402 20:55:26.403" level="INFO">Slept 5 seconds</msg>
<status status="PASS" starttime="20230402 20:55:21.402" endtime="20230402 20:55:26.403"/>
</kw>
<kw name="Close Browser" library="SeleniumLibrary">
<doc>Closes the current browser.</doc>
<status status="PASS" starttime="20230402 20:55:26.404" endtime="20230402 20:55:28.903"/>
</kw>
<doc>This is some basic info about the TEST</doc>
<tag>1006</tag>
<tag>Contacts</tag>
<tag>Smoke</tag>
<status status="PASS" starttime="20230402 20:55:13.078" endtime="20230402 20:55:28.904"/>
</test>
<doc>This is some basic info about the whole suite</doc>
<status status="PASS" starttime="20230402 20:55:09.493" endtime="20230402 20:55:28.907"/>
</suite>
<statistics>
<total>
<stat pass="1" fail="0" skip="0">All Tests</stat>
</total>
<tag>
<stat pass="1" fail="0" skip="0">1006</stat>
<stat pass="1" fail="0" skip="0">Contacts</stat>
<stat pass="1" fail="0" skip="0">Smoke</stat>
</tag>
<suite>
<stat pass="1" fail="0" skip="0" id="s1" name="Crm">Crm</stat>
</suite>
</statistics>
<errors>
</errors>
</robot>
